2024-12-14 23:10:11,706 - DEBUG - Using proactor: IocpProactor
2024-12-14 23:10:11,708 - ERROR - API anahtarlarý bulunamadý. Lütfen BINANCE_API_KEY ve BINANCE_API_SECRET çevre deðiþkenlerini ayarlayýn.
2024-12-14 23:10:11,709 - ERROR - Bot baþlatma hatasý: API anahtarlarý bulunamadý. Lütfen BINANCE_API_KEY ve BINANCE_API_SECRET çevre deðiþkenlerini ayarlayýn.
2024-12-14 23:13:30,117 - DEBUG - Using proactor: IocpProactor
2024-12-14 23:13:30,121 - ERROR - API anahtarlarý bulunamadý. Lütfen BINANCE_API_KEY ve BINANCE_API_SECRET çevre deðiþkenlerini ayarlayýn.
2024-12-14 23:13:30,121 - ERROR - Bot baþlatma hatasý: API anahtarlarý bulunamadý. Lütfen BINANCE_API_KEY ve BINANCE_API_SECRET çevre deðiþkenlerini ayarlayýn.
2024-12-15 11:03:01,943 - DEBUG - Using proactor: IocpProactor
2024-12-15 11:03:01,948 - DEBUG - Starting new HTTPS connection (1): api.binance.com:443
2024-12-15 11:03:02,265 - DEBUG - https://api.binance.com:443 "GET /api/v3/ping HTTP/11" 200 2
2024-12-15 11:03:02,530 - DEBUG - https://api.binance.com:443 "GET /api/v3/ping HTTP/11" 200 2
2024-12-15 11:03:02,793 - DEBUG - https://api.binance.com:443 "GET /api/v3/time HTTP/11" 200 28
2024-12-15 11:03:02,794 - INFO - Binance baðlantýsý baþarýlý
2024-12-15 11:03:03,058 - DEBUG - https://api.binance.com:443 "GET /api/v3/time HTTP/11" 200 28
2024-12-15 11:03:03,059 - INFO - Sunucu zamaný senkronize edildi. Offset: -421ms
2024-12-15 11:03:05,936 - DEBUG - https://api.binance.com:443 "GET /api/v3/klines?endTime=1734249785671&interval=1h&limit=1&startTime=0&symbol=BTCUSDT HTTP/11" 200 167
2024-12-15 11:03:06,221 - DEBUG - https://api.binance.com:443 "GET /api/v3/klines?interval=1h&limit=1000&startTime=1730649785663&symbol=BTCUSDT HTTP/11" 200 59810
2024-12-15 11:03:06,511 - DEBUG - https://api.binance.com:443 "GET /api/v3/klines?interval=1h&limit=1000&startTime=1734253200000&symbol=BTCUSDT HTTP/11" 200 2
2024-12-15 11:04:34,108 - INFO - [31m[1mWARNING: This is a development server. Do not use it in a production deployment. Use a production WSGI server instead.[0m
 * Running on all addresses (0.0.0.0)
 * Running on http://127.0.0.1:5000
 * Running on http://192.168.1.103:5000
2024-12-15 11:04:34,109 - INFO - [33mPress CTRL+C to quit[0m
